<?xml version="1.0" encoding="UTF-8"?>
<testsuite name="NoteServiseKtTest" tests="1" skipped="0" failures="0" errors="0" timestamp="2022-04-07T06:20:13" hostname="0001050-HP" time="0.236">
  <properties/>
  <testcase name="deleteTest" classname="NoteServiseKtTest" time="0.236"/>
  <system-out><![CDATA[]]></system-out>
  <system-err><![CDATA[]]></system-err>
</testsuite>
